<?xml version="1.0" encoding="UTF-8"?>
<!-- Generated by org.testng.reporters.JUnitReportReporter -->
<testsuite skipped="0" hostname="Focus-QA-29" name="com.teyseer.com.library.PreferencesHomePage" tests="1" failures="0" timestamp="22 Jan 2019 10:56:36 GMT" time="400.729" errors="0">
  <testcase name="login" time="400.729" classname="com.teyseer.com.library.PreferencesHomePage"/>
</testsuite> <!-- com.teyseer.com.library.PreferencesHomePage -->
