<?xml version="1.0" encoding="UTF-8"?>
<!-- Generated by org.testng.reporters.JUnitReportReporter -->
<testsuite skipped="0" hostname="Focus-QA-29" name="com.teyseer.com.teyseer.tests.Preferences" tests="2" failures="0" timestamp="03 Jan 2019 10:03:48 GMT" time="302.011" errors="0">
  <testcase name="priceBookNames" time="0.494" classname="com.teyseer.com.teyseer.tests.Preferences"/>
  <testcase name="priceBook" time="301.517" classname="com.teyseer.com.teyseer.tests.Preferences"/>
</testsuite> <!-- com.teyseer.com.teyseer.tests.Preferences -->
