<?xml version="1.0" encoding="UTF-8"?>
<!-- Generated by org.testng.reporters.JUnitReportReporter -->
<testsuite skipped="0" hostname="Focus-QA-29" name="com.teyseer.com.library.CurrencyMasterHomePage" tests="1" failures="0" timestamp="06 Nov 2018 11:20:24 GMT" time="194.265" errors="0">
  <testcase name="login" time="194.265" classname="com.teyseer.com.library.CurrencyMasterHomePage"/>
</testsuite> <!-- com.teyseer.com.library.CurrencyMasterHomePage -->
