<?xml version="1.0" encoding="UTF-8"?>
<!-- Generated by org.testng.reporters.JUnitReportReporter -->
<testsuite skipped="0" hostname="Focus-QA-29" name="com.teyseer.com.library.PriceBookHomePage" tests="1" failures="0" timestamp="08 Aug 2018 04:58:43 GMT" time="22.175" errors="0">
  <testcase name="login" time="22.175" classname="com.teyseer.com.library.PriceBookHomePage"/>
</testsuite> <!-- com.teyseer.com.library.PriceBookHomePage -->
