<?xml version="1.0" encoding="UTF-8"?>
<!-- Generated by org.testng.reporters.JUnitReportReporter -->
<testsuite skipped="0" hostname="Focus-QA-29" name="com.teyseer.com.library.TransactionNewDashboadIcons" tests="1" failures="0" timestamp="24 Apr 2018 06:53:10 GMT" time="30.050" errors="0">
  <testcase name="newClick" time="30.050" classname="com.teyseer.com.library.TransactionNewDashboadIcons"/>
</testsuite> <!-- com.teyseer.com.library.TransactionNewDashboadIcons -->
