<?xml version="1.0" encoding="UTF-8"?>
<!-- Generated by org.testng.reporters.JUnitReportReporter -->
<testsuite skipped="0" hostname="Focus-QA-29" name="com.teyseer.com.dummy.Masters" tests="1" failures="0" timestamp="14 Mar 2018 13:17:37 GMT" time="151.181" errors="0">
  <testcase name="newClick" time="151.181" classname="com.teyseer.com.dummy.Masters"/>
</testsuite> <!-- com.teyseer.com.dummy.Masters -->
