<?xml version="1.0" encoding="UTF-8"?>
<!-- Generated by org.testng.reporters.JUnitReportReporter -->
<testsuite skipped="0" hostname="Focus-QA-29" name="com.teyseer.com.dummy.TransactionBodyExcel" tests="1" failures="0" timestamp="26 Feb 2018 06:10:36 GMT" time="29.064" errors="0">
  <testcase name="Test" time="29.064" classname="com.teyseer.com.dummy.TransactionBodyExcel"/>
</testsuite> <!-- com.teyseer.com.dummy.TransactionBodyExcel -->
