<?xml version="1.0" encoding="UTF-8"?>
<!-- Generated by org.testng.reporters.JUnitReportReporter -->
<testsuite skipped="0" hostname="Focus-QA-29" name="com.teyseer.com.dummy.CountItemsList" tests="1" failures="0" timestamp="27 Feb 2018 09:06:02 GMT" time="0.013" errors="0">
  <testcase name="Test" time="0.013" classname="com.teyseer.com.dummy.CountItemsList"/>
</testsuite> <!-- com.teyseer.com.dummy.CountItemsList -->
