<?xml version="1.0" encoding="UTF-8"?>
<!-- Generated by org.testng.reporters.JUnitReportReporter -->
<testsuite skipped="0" hostname="Focus-QA-29" name="com.teyseer.com.teyseer.tests.ExchangeRate" tests="2" failures="0" timestamp="26 Feb 2019 16:09:43 GMT" time="561.205" errors="0">
  <testcase name="exchRateNames" time="0.102" classname="com.teyseer.com.teyseer.tests.ExchangeRate"/>
  <testcase name="exchRate" time="561.103" classname="com.teyseer.com.teyseer.tests.ExchangeRate"/>
</testsuite> <!-- com.teyseer.com.teyseer.tests.ExchangeRate -->
