<?xml version="1.0" encoding="UTF-8"?>
<!-- Generated by org.testng.reporters.JUnitReportReporter -->
<testsuite skipped="0" hostname="Focus-QA-29" name="com.teyseer.com.dummy.TransactionBodyVoucher" tests="1" failures="0" timestamp="26 Feb 2018 06:13:21 GMT" time="42.025" errors="0">
  <testcase name="Test" time="42.025" classname="com.teyseer.com.dummy.TransactionBodyVoucher"/>
</testsuite> <!-- com.teyseer.com.dummy.TransactionBodyVoucher -->
