<?xml version="1.0" encoding="UTF-8"?>
<!-- Generated by org.testng.reporters.JUnitReportReporter -->
<testsuite skipped="0" hostname="Focus-QA-29" name="com.teyseer.com.library.TestClass2" tests="1" failures="0" timestamp="09 Feb 2018 06:33:50 GMT" time="20.170" errors="0">
  <testcase name="f2" time="20.170" classname="com.teyseer.com.library.TestClass2"/>
</testsuite> <!-- com.teyseer.com.library.TestClass2 -->
