<?xml version="1.0" encoding="UTF-8"?>
<!-- Generated by org.testng.reporters.JUnitReportReporter -->
<testsuite skipped="0" hostname="Focus-QA-29" name="com.teyseer.constants.NewTest" tests="1" failures="0" timestamp="25 Jan 2018 09:46:12 GMT" time="8.831" errors="0">
  <testcase name="f" time="8.831" classname="com.teyseer.constants.NewTest"/>
</testsuite> <!-- com.teyseer.constants.NewTest -->
