<?xml version="1.0" encoding="UTF-8"?>
<!-- Generated by org.testng.reporters.JUnitReportReporter -->
<testsuite skipped="0" hostname="Focus-QA-29" name="com.teyseer.com.teyseer.tests.Masters" tests="2" failures="0" timestamp="26 Feb 2019 16:09:43 GMT" time="102.104" errors="0">
  <testcase name="Masters" time="0.097" classname="com.teyseer.com.teyseer.tests.Masters"/>
  <testcase name="masterSave" time="102.007" classname="com.teyseer.com.teyseer.tests.Masters"/>
</testsuite> <!-- com.teyseer.com.teyseer.tests.Masters -->
