<?xml version="1.0" encoding="UTF-8"?>
<!-- Generated by org.testng.reporters.JUnitReportReporter -->
<testsuite skipped="0" hostname="Focus-QA-29" name="com.teyseer.com.transactions.Masters" tests="1" failures="0" timestamp="28 Mar 2018 11:35:24 GMT" time="192.784" errors="0">
  <testcase name="newClick" time="192.784" classname="com.teyseer.com.transactions.Masters"/>
</testsuite> <!-- com.teyseer.com.transactions.Masters -->
