<?xml version="1.0" encoding="UTF-8"?>
<!-- Generated by org.testng.reporters.JUnitReportReporter -->
<testsuite skipped="0" hostname="Focus-QA-29" name="com.teyseer.com.transactions.TransactionWorkflow" tests="1" failures="0" timestamp="21 Mar 2018 05:05:44 GMT" time="33.593" errors="0">
  <testcase name="newClick" time="33.593" classname="com.teyseer.com.transactions.TransactionWorkflow"/>
</testsuite> <!-- com.teyseer.com.transactions.TransactionWorkflow -->
