<?xml version="1.0" encoding="UTF-8"?>
<!-- Generated by org.testng.reporters.JUnitReportReporter -->
<testsuite skipped="0" hostname="Focus-QA-29" name="com.teyseer.com.dummy.TransactionFooter" tests="1" failures="0" timestamp="04 Mar 2018 12:59:47 GMT" time="16.430" errors="0">
  <testcase name="newClick" time="16.430" classname="com.teyseer.com.dummy.TransactionFooter"/>
</testsuite> <!-- com.teyseer.com.dummy.TransactionFooter -->
