<?xml version="1.0" encoding="UTF-8"?>
<!-- Generated by org.testng.reporters.JUnitReportReporter -->
<testsuite skipped="0" hostname="Focus-QA-29" name="com.teyseer.com.library.TransactionIcons" tests="1" failures="0" timestamp="25 Apr 2018 05:08:02 GMT" time="56.379" errors="0">
  <testcase name="newClick" time="56.379" classname="com.teyseer.com.library.TransactionIcons"/>
</testsuite> <!-- com.teyseer.com.library.TransactionIcons -->
