<?xml version="1.0" encoding="UTF-8"?>
<!-- Generated by org.testng.reporters.JUnitReportReporter -->
<testsuite skipped="0" hostname="DESKTOP-C918GTA" name="com.teyseer.com.teyseer.tests.TestResults" tests="1" failures="0" timestamp="12 Feb 2019 15:03:09 GMT" time="0.715" errors="0">
  <testcase name="testResults" time="0.715" classname="com.teyseer.com.teyseer.tests.TestResults"/>
</testsuite> <!-- com.teyseer.com.teyseer.tests.TestResults -->
