<?xml version="1.0" encoding="UTF-8"?>
<!-- Generated by org.testng.reporters.JUnitReportReporter -->
<testsuite skipped="0" hostname="Focus-QA-29" name="com.teyseer.com.library.PriceBook" tests="1" failures="0" timestamp="11 Jul 2018 09:01:24 GMT" time="146.934" errors="0">
  <testcase name="login" time="146.934" classname="com.teyseer.com.library.PriceBook"/>
</testsuite> <!-- com.teyseer.com.library.PriceBook -->
