<?xml version="1.0" encoding="UTF-8"?>
<!-- Generated by org.testng.reporters.JUnitReportReporter -->
<testsuite skipped="0" hostname="Focus-QA-29" name="com.teyseer.com.dummy.TestClass2" tests="1" failures="0" timestamp="21 Feb 2018 12:33:10 GMT" time="47.596" errors="0">
  <testcase name="test" time="47.596" classname="com.teyseer.com.dummy.TestClass2"/>
</testsuite> <!-- com.teyseer.com.dummy.TestClass2 -->
