<?xml version="1.0" encoding="UTF-8"?>
<!-- Generated by org.testng.reporters.JUnitReportReporter -->
<testsuite skipped="0" hostname="Focus-QA-29" name="com.focus.constants.ParallelTestA" tests="1" failures="0" timestamp="19 Sep 2018 13:21:36 GMT" time="1.567" errors="0">
  <testcase name="testGooglePageTitleInFirefox" time="1.567" classname="com.focus.constants.ParallelTestA"/>
</testsuite> <!-- com.focus.constants.ParallelTestA -->
