<?xml version="1.0" encoding="UTF-8"?>
<!-- Generated by org.testng.reporters.JUnitReportReporter -->
<testsuite skipped="0" hostname="Focus-QA-29" name="com.teyseer.com.teyseer.tests.PriceBook" tests="2" failures="0" timestamp="26 Feb 2019 16:09:43 GMT" time="2232.412" errors="0">
  <testcase name="priceBookNames" time="0.083" classname="com.teyseer.com.teyseer.tests.PriceBook"/>
  <testcase name="priceBook" time="2232.329" classname="com.teyseer.com.teyseer.tests.PriceBook"/>
</testsuite> <!-- com.teyseer.com.teyseer.tests.PriceBook -->
