<?xml version="1.0" encoding="UTF-8"?>
<!-- Generated by org.testng.reporters.JUnitReportReporter -->
<testsuite skipped="0" hostname="Focus-QA-29" name="com.teyseer.com.teyseer.tests.UnitConversion" tests="2" failures="0" timestamp="26 Feb 2019 16:09:43 GMT" time="953.703" errors="0">
  <testcase name="UnitConversionNames" time="0.120" classname="com.teyseer.com.teyseer.tests.UnitConversion"/>
  <testcase name="unitConversion" time="953.583" classname="com.teyseer.com.teyseer.tests.UnitConversion"/>
</testsuite> <!-- com.teyseer.com.teyseer.tests.UnitConversion -->
