<?xml version="1.0" encoding="UTF-8"?>
<!-- Generated by org.testng.reporters.JUnitReportReporter -->
<testsuite skipped="0" hostname="Focus-QA-29" name="com.teyseer.com.constants.HybridTest" tests="1" failures="0" timestamp="25 Jan 2018 12:23:06 GMT" time="35.070" errors="0">
  <testcase name="hybridTest" time="35.070" classname="com.teyseer.com.constants.HybridTest"/>
</testsuite> <!-- com.teyseer.com.constants.HybridTest -->
