<?xml version="1.0" encoding="UTF-8"?>
<!-- Generated by org.testng.reporters.JUnitReportReporter -->
<testsuite skipped="0" hostname="Focus-QA-29" name="com.teyseer.com.dummy.BatchPopUp" tests="1" failures="0" timestamp="14 Mar 2018 09:26:06 GMT" time="54.240" errors="0">
  <testcase name="newClick" time="54.240" classname="com.teyseer.com.dummy.BatchPopUp"/>
</testsuite> <!-- com.teyseer.com.dummy.BatchPopUp -->
