<?xml version="1.0" encoding="UTF-8"?>
<!-- Generated by org.testng.reporters.JUnitReportReporter -->
<testsuite skipped="0" hostname="Focus-QA-29" name="com.teyseer.com.library.TestClass" tests="1" failures="0" timestamp="12 Feb 2018 07:20:07 GMT" time="96.620" errors="0">
  <testcase name="f" time="96.620" classname="com.teyseer.com.library.TestClass"/>
</testsuite> <!-- com.teyseer.com.library.TestClass -->
