<?xml version="1.0" encoding="UTF-8"?>
<!-- Generated by org.testng.reporters.JUnitReportReporter -->
<testsuite skipped="0" hostname="Focus-QA-29" name="com.teyseer.com.library.MasterActionsAll" tests="2" failures="0" timestamp="30 Jan 2018 07:23:16 GMT" time="125.857" errors="0">
  <testcase name="accGeneralTabData" time="91.242" classname="com.teyseer.com.library.MasterActionsAll"/>
  <testcase name="accSettingsTabData" time="34.615" classname="com.teyseer.com.library.MasterActionsAll"/>
</testsuite> <!-- com.teyseer.com.library.MasterActionsAll -->
