<?xml version="1.0" encoding="UTF-8"?>
<!-- Generated by org.testng.reporters.JUnitReportReporter -->
<testsuite skipped="0" hostname="Focus-QA-29" name="com.teyseer.com.teyseer.tests.Transactions" tests="1" failures="0" timestamp="26 Feb 2019 16:09:43 GMT" time="9247.202" errors="0">
  <testcase name="voucherSaveTest" time="9247.202" classname="com.teyseer.com.teyseer.tests.Transactions"/>
</testsuite> <!-- com.teyseer.com.teyseer.tests.Transactions -->
