<?xml version="1.0" encoding="UTF-8"?>
<!-- Generated by org.testng.reporters.JUnitReportReporter -->
<testsuite skipped="0" hostname="Focus-QA-29" name="com.focus.tests.TeyseerHybridTest" tests="1" failures="0" timestamp="19 Feb 2018 13:51:29 GMT" time="707.405" errors="0">
  <testcase name="hybridTest" time="707.405" classname="com.focus.tests.TeyseerHybridTest"/>
</testsuite> <!-- com.focus.tests.TeyseerHybridTest -->
