<?xml version="1.0" encoding="UTF-8"?>
<!-- Generated by org.testng.reporters.JUnitReportReporter -->
<testsuite skipped="0" hostname="Focus-QA-29" name="com.teyseer.com.library.ExchangeRateDefinition" tests="1" failures="0" timestamp="28 Sep 2018 09:51:42 GMT" time="42.522" errors="0">
  <testcase name="login" time="42.522" classname="com.teyseer.com.library.ExchangeRateDefinition"/>
</testsuite> <!-- com.teyseer.com.library.ExchangeRateDefinition -->
