<?xml version="1.0" encoding="UTF-8"?>
<!-- Generated by org.testng.reporters.JUnitReportReporter -->
<testsuite skipped="0" hostname="Focus-QA-29" name="com.teyseer.com.teyseer.tests.chromeExit" tests="1" failures="0" timestamp="22 Jun 2018 07:47:07 GMT" time="0.649" errors="0">
  <testcase name="chromeExit" time="0.649" classname="com.teyseer.com.teyseer.tests.chromeExit"/>
</testsuite> <!-- com.teyseer.com.teyseer.tests.chromeExit -->
