<?xml version="1.0" encoding="UTF-8"?>
<!-- Generated by org.testng.reporters.JUnitReportReporter -->
<testsuite skipped="0" hostname="Focus-QA-29" name="com.teyseer.com.teyseer.tests.TestResults" tests="1" failures="0" timestamp="26 Feb 2019 16:09:43 GMT" time="2.062" errors="0">
  <testcase name="testResults" time="2.062" classname="com.teyseer.com.teyseer.tests.TestResults"/>
</testsuite> <!-- com.teyseer.com.teyseer.tests.TestResults -->
