<?xml version="1.0" encoding="UTF-8"?>
<!-- Generated by org.testng.reporters.JUnitReportReporter -->
<testsuite skipped="0" hostname="Focus-QA-29" name="com.teyseer.com.teyseer.tests.PriceBook" tests="2" failures="0" timestamp="15 Feb 2019 07:38:15 GMT" time="0.031" errors="1">
  <testcase name="priceBookNames" time="0.015" classname="com.teyseer.com.teyseer.tests.PriceBook">
    <error type="java.io.FileNotFoundException" message="\\DESKTOP-C918GTA\Keywords\Price Book Names.xlsx (The system cannot contact a domain controller to service the authentication request. Please try again later)">
      <![CDATA[java.io.FileNotFoundException: \\DESKTOP-C918GTA\Keywords\Price Book Names.xlsx (The system cannot contact a domain controller to service the authentication request. Please try again later)
at java.io.FileInputStream.open0(Native Method)
at java.io.FileInputStream.open(Unknown Source)
at java.io.FileInputStream.<init>(Unknown Source)
at java.io.FileInputStream.<init>(Unknown Source)
at com.teyseer.com.teyseer.tests.PriceBook.priceBookNames(PriceBook.java:41)
at sun.reflect.NativeMethodAccessorImpl.invoke0(Native Method)
at sun.reflect.NativeMethodAccessorImpl.invoke(Unknown Source)
at sun.reflect.DelegatingMethodAccessorImpl.invoke(Unknown Source)
at java.lang.reflect.Method.invoke(Unknown Source)
at org.testng.internal.MethodInvocationHelper.invokeMethod(MethodInvocationHelper.java:124)
at org.testng.internal.Invoker.invokeMethod(Invoker.java:580)
at org.testng.internal.Invoker.invokeTestMethod(Invoker.java:716)
at org.testng.internal.Invoker.invokeTestMethods(Invoker.java:988)
at org.testng.internal.TestMethodWorker.invokeTestMethods(TestMethodWorker.java:125)
at org.testng.internal.TestMethodWorker.run(TestMethodWorker.java:109)
at java.util.concurrent.ThreadPoolExecutor.runWorker(Unknown Source)
at java.util.concurrent.ThreadPoolExecutor$Worker.run(Unknown Source)
at java.lang.Thread.run(Unknown Source)
]]>
    </error>
  </testcase> <!-- priceBookNames -->
  <testcase name="priceBook" time="0.016" classname="com.teyseer.com.teyseer.tests.PriceBook"/>
</testsuite> <!-- com.teyseer.com.teyseer.tests.PriceBook -->
