<?xml version="1.0" encoding="UTF-8"?>
<!-- Generated by org.testng.reporters.JUnitReportReporter -->
<testsuite skipped="0" hostname="Focus-QA-29" name="com.teyseer.com.library.GridControlTest" tests="1" failures="0" timestamp="15 Feb 2018 11:20:39 GMT" time="49.144" errors="0">
  <testcase name="f" time="49.144" classname="com.teyseer.com.library.GridControlTest"/>
</testsuite> <!-- com.teyseer.com.library.GridControlTest -->
