<?xml version="1.0" encoding="UTF-8"?>
<!-- Generated by org.testng.reporters.JUnitReportReporter -->
<testsuite skipped="0" hostname="Focus-QA-29" name="com.teyseer.com.library.UnitConversionHomePage" tests="1" failures="0" timestamp="03 Sep 2018 10:39:47 GMT" time="28.569" errors="0">
  <testcase name="login" time="28.569" classname="com.teyseer.com.library.UnitConversionHomePage"/>
</testsuite> <!-- com.teyseer.com.library.UnitConversionHomePage -->
