<?xml version="1.0" encoding="UTF-8"?>
<!-- Generated by org.testng.reporters.JUnitReportReporter -->
<testsuite skipped="0" hostname="Focus-QA-29" name="com.focus.library.Account" tests="1" failures="0" timestamp="23 Jan 2018 07:24:07 GMT" time="13.061" errors="0">
  <testcase name="accountCreate" time="13.061" classname="com.focus.library.Account"/>
</testsuite> <!-- com.focus.library.Account -->
