<?xml version="1.0" encoding="UTF-8"?>
<!-- Generated by org.testng.reporters.JUnitReportReporter -->
<testsuite skipped="0" hostname="Focus-QA-29" name="com.focus.tests.testlogfile" tests="1" failures="0" timestamp="09 May 2018 05:39:57 GMT" time="2.335" errors="0">
  <testcase name="func" time="2.335" classname="com.focus.tests.testlogfile"/>
</testsuite> <!-- com.focus.tests.testlogfile -->
