<?xml version="1.0" encoding="UTF-8"?>
<!-- Generated by org.testng.reporters.JUnitReportReporter -->
<testsuite skipped="0" hostname="Focus-QA-29" name="com.focus.tests.testlogfile2" tests="2" failures="0" timestamp="09 May 2018 05:50:38 GMT" time="13.389" errors="0">
  <testcase name="f" time="10.541" classname="com.focus.tests.testlogfile2"/>
  <testcase name="func" time="2.848" classname="com.focus.tests.testlogfile2"/>
</testsuite> <!-- com.focus.tests.testlogfile2 -->
