<?xml version="1.0" encoding="UTF-8"?>
<!-- Generated by org.testng.reporters.JUnitReportReporter -->
<testsuite skipped="0" hostname="Focus-QA-29" name="com.focus.library.HybridTest" tests="1" failures="0" timestamp="19 Jan 2018 12:14:14 GMT" time="97.613" errors="0">
  <testcase name="hybridTest" time="97.613" classname="com.focus.library.HybridTest"/>
</testsuite> <!-- com.focus.library.HybridTest -->
