<?xml version="1.0" encoding="UTF-8"?>
<!-- Generated by org.testng.reporters.JUnitReportReporter -->
<testsuite skipped="0" hostname="Focus-QA-29" name="Package1.HomePage" tests="3" failures="0" timestamp="18 Jan 2018 10:52:25 GMT" time="11.725" errors="0">
  <testcase name="LaunchApp" time="1.518" classname="Package1.HomePage"/>
  <testcase name="LoginApp" time="7.802" classname="Package1.HomePage"/>
  <testcase name="Logout" time="2.405" classname="Package1.HomePage"/>
</testsuite> <!-- Package1.HomePage -->
