<?xml version="1.0" encoding="UTF-8"?>
<!-- Generated by org.testng.reporters.JUnitReportReporter -->
<testsuite skipped="0" hostname="Focus-QA-29" name="Package1.LaunchAppTestNG" tests="1" failures="0" timestamp="17 Jan 2018 12:46:53 GMT" time="5.680" errors="0">
  <testcase name="LaunchApplication" time="5.680" classname="Package1.LaunchAppTestNG"/>
</testsuite> <!-- Package1.LaunchAppTestNG -->
