<?xml version="1.0" encoding="UTF-8"?>
<!-- Generated by org.testng.reporters.JUnitReportReporter -->
<testsuite skipped="0" hostname="Focus-QA-29" name="com.focus.library.MasterUpdate" tests="1" failures="0" timestamp="24 Jan 2018 12:53:40 GMT" time="8.386" errors="0">
  <testcase name="masterSelect" time="8.386" classname="com.focus.library.MasterUpdate"/>
</testsuite> <!-- com.focus.library.MasterUpdate -->
