<?xml version="1.0" encoding="UTF-8"?>
<!-- Generated by org.testng.reporters.JUnitReportReporter -->
<testsuite skipped="0" hostname="Focus-QA-29" name="com.focus.tests.CompanyCreationTest" tests="1" failures="0" timestamp="22 Jan 2018 10:54:55 GMT" time="168.806" errors="0">
  <testcase name="companyCreation" time="168.806" classname="com.focus.tests.CompanyCreationTest"/>
</testsuite> <!-- com.focus.tests.CompanyCreationTest -->
