<?xml version="1.0" encoding="UTF-8"?>
<!-- Generated by org.testng.reporters.JUnitReportReporter -->
<testsuite skipped="0" hostname="Focus-QA-29" name="Package1.Login" tests="2" failures="0" timestamp="18 Jan 2018 07:35:26 GMT" time="3.449" errors="0">
  <testcase name="LaunchApp" time="2.873" classname="Package1.Login"/>
  <testcase name="LoginApp" time="0.576" classname="Package1.Login"/>
</testsuite> <!-- Package1.Login -->
