<?xml version="1.0" encoding="UTF-8"?>
<!-- Generated by org.testng.reporters.JUnitReportReporter -->
<testsuite skipped="0" hostname="Focus-QA-29" name="Package1.TestNGClass1" tests="1" failures="0" timestamp="18 Jan 2018 05:19:10 GMT" time="4.972" errors="0">
  <testcase name="f" time="4.972" classname="Package1.TestNGClass1"/>
</testsuite> <!-- Package1.TestNGClass1 -->
