<?xml version="1.0" encoding="UTF-8"?>
<!-- Generated by org.testng.reporters.JUnitReportReporter -->
<testsuite skipped="0" hostname="Focus-QA-29" name="com.focus.library.MasterHomePage" tests="1" failures="0" timestamp="25 Jan 2018 05:18:26 GMT" time="13.964" errors="0">
  <testcase name="masterEdit" time="13.964" classname="com.focus.library.MasterHomePage"/>
</testsuite> <!-- com.focus.library.MasterHomePage -->
