<?xml version="1.0" encoding="UTF-8"?>
<!-- Generated by org.testng.reporters.JUnitReportReporter -->
<testsuite skipped="0" hostname="Focus-QA-29" name="Package1.LaunchApplication" tests="1" failures="0" timestamp="18 Jan 2018 06:30:33 GMT" time="2.277" errors="0">
  <testcase name="LaunchApp" time="2.277" classname="Package1.LaunchApplication"/>
</testsuite> <!-- Package1.LaunchApplication -->
