<?xml version="1.0" encoding="UTF-8"?>
<!-- Generated by org.testng.reporters.JUnitReportReporter -->
<testsuite skipped="0" hostname="Focus-QA-29" name="Package1.DataDrivenTest" tests="2" failures="0" timestamp="19 Jan 2018 10:13:19 GMT" time="111.248" errors="0">
  <testcase name="login" time="31.523" classname="Package1.DataDrivenTest"/>
  <testcase name="login" time="79.725" classname="Package1.DataDrivenTest"/>
</testsuite> <!-- Package1.DataDrivenTest -->
